[35m[1mConsolidate compiler generated dependencies of target roswifibot_node[0m
[ 50%] [32mBuilding CXX object CMakeFiles/roswifibot_node.dir/src/wifibot.cpp.o[0m
[01m[K/home/greg/ros2_ws/src/roswifibot/src/wifibot.cpp:[m[K In constructor â€˜[01m[KWifibot::Wifibot()[m[Kâ€™:
[01m[K/home/greg/ros2_ws/src/roswifibot/src/wifibot.cpp:13:3:[m[K [01;31m[Kerror: [m[Kâ€˜[01m[Kthisdeclare_parameter[m[Kâ€™ was not declared in this scope; did you mean â€˜[01m[Kdeclare_parameter[m[Kâ€™?
   13 |   [01;31m[Kthisdeclare_parameter[m[K("port", "/dev/ttyS0");
      |   [01;31m[K^~~~~~~~~~~~~~~~~~~~~[m[K
      |   [32m[Kdeclare_parameter[m[K
[01m[K/home/greg/ros2_ws/src/roswifibot/src/wifibot.cpp:30:8:[m[K [01;31m[Kerror: [m[Kâ€˜[01m[Kthisget_parameter[m[Kâ€™ was not declared in this scope; did you mean â€˜[01m[Kset_parameter[m[Kâ€™?
   30 |   if (![01;31m[Kthisget_parameter[m[K("port", dev))
      |        [01;31m[K^~~~~~~~~~~~~~~~~[m[K
      |        [32m[Kset_parameter[m[K
[01m[K/home/greg/ros2_ws/src/roswifibot/src/wifibot.cpp:38:8:[m[K [01;31m[Kerror: [m[Kâ€˜[01m[Kthisget_parameter[m[Kâ€™ was not declared in this scope; did you mean â€˜[01m[Kset_parameter[m[Kâ€™?
   38 |   if (![01;31m[Kthisget_parameter[m[K("base_frame", frameBase))
      |        [01;31m[K^~~~~~~~~~~~~~~~~[m[K
      |        [32m[Kset_parameter[m[K
[01m[K/home/greg/ros2_ws/src/roswifibot/src/wifibot.cpp:43:3:[m[K [01;31m[Kerror: [m[Kâ€˜[01m[Kthisset_parameter[m[Kâ€™ was not declared in this scope; did you mean â€˜[01m[Kset_parameter[m[Kâ€™?
   43 |   [01;31m[Kthisset_parameter[m[K(rclcpp::Parameter("odom_frame", _frameOdom));
      |   [01;31m[K^~~~~~~~~~~~~~~~~[m[K
      |   [32m[Kset_parameter[m[K
[01m[K/home/greg/ros2_ws/src/roswifibot/src/wifibot.cpp:48:8:[m[K [01;31m[Kerror: [m[Kâ€˜[01m[Kthisget_parameter[m[Kâ€™ was not declared in this scope; did you mean â€˜[01m[Kset_parameter[m[Kâ€™?
   48 |   if (![01;31m[Kthisget_parameter[m[K("entrax", entrax))
      |        [01;31m[K^~~~~~~~~~~~~~~~~[m[K
      |        [32m[Kset_parameter[m[K
[01m[K/home/greg/ros2_ws/src/roswifibot/src/wifibot.cpp:[m[K In function â€˜[01m[Kint main(int, char**)[m[Kâ€™:
[01m[K/home/greg/ros2_ws/src/roswifibot/src/wifibot.cpp:253:49:[m[K [01;31m[Kerror: [m[Kno matching function for call to â€˜[01m[Krclcpp::Node::make_shared<Wifibot>()[m[Kâ€™
  253 |   auto node = [01;31m[Krclcpp::Node::make_shared<Wifibot>()[m[K;
      |               [01;31m[K~~~~~~~~~~~~~~~~~~~~~~~~~~~~~~~~~~^~[m[K
In file included from [01m[K/opt/ros/humble/include/rclcpp/rclcpp/context.hpp:34[m[K,
                 from [01m[K/opt/ros/humble/include/rclcpp/rclcpp/executor.hpp:34[m[K,
                 from [01m[K/opt/ros/humble/include/rclcpp/rclcpp/executors/multi_threaded_executor.hpp:25[m[K,
                 from [01m[K/opt/ros/humble/include/rclcpp/rclcpp/executors.hpp:21[m[K,
                 from [01m[K/opt/ros/humble/include/rclcpp/rclcpp/rclcpp.hpp:155[m[K,
                 from [01m[K/home/greg/ros2_ws/src/roswifibot/src/wifibot.h:4[m[K,
                 from [01m[K/home/greg/ros2_ws/src/roswifibot/src/wifibot.cpp:2[m[K:
[01m[K/opt/ros/humble/include/rclcpp/rclcpp/node.hpp:80:3:[m[K [01;36m[Knote: [m[Kcandidate: â€˜[01m[Kstatic std::shared_ptr<rclcpp::Node> rclcpp::Node::make_shared(Args&& ...) [with Args = {Wifibot}][m[Kâ€™
   80 |   [01;36m[KRCLCPP_SMART_PTR_DEFINITIONS[m[K(Node)
      |   [01;36m[K^~~~~~~~~~~~~~~~~~~~~~~~~~~~[m[K
[01m[K/opt/ros/humble/include/rclcpp/rclcpp/node.hpp:80:3:[m[K [01;36m[Knote: [m[K  candidate expects 1 argument, 0 provided
gmake[2]: *** [CMakeFiles/roswifibot_node.dir/build.make:76: CMakeFiles/roswifibot_node.dir/src/wifibot.cpp.o] Error 1
gmake[1]: *** [CMakeFiles/Makefile2:137: CMakeFiles/roswifibot_node.dir/all] Error 2
gmake: *** [Makefile:146: all] Error 2
