[0.057s] Invoking command in '/home/greg/ros2_ws/build/roswifibot': CMAKE_PREFIX_PATH=/home/greg/ros2_ws/install/wifibot_msgs:/home/greg/ros2_ws/install/roswifibot:/home/greg/ros2_ws/install/lib_wifibot:/home/greg/ros2_ws/install/joy2twist:/opt/ros/humble /usr/bin/cmake --build /home/greg/ros2_ws/build/roswifibot -- -j16 -l16
[0.111s] [35m[1mConsolidate compiler generated dependencies of target roswifibot_node[0m
[0.136s] [ 50%] [32mBuilding CXX object CMakeFiles/roswifibot_node.dir/src/wifibot.cpp.o[0m
[2.612s] [01m[K/home/greg/ros2_ws/src/roswifibot/src/wifibot.cpp:[m[K In constructor â€˜[01m[KWifibot::Wifibot()[m[Kâ€™:
[2.612s] [01m[K/home/greg/ros2_ws/src/roswifibot/src/wifibot.cpp:13:3:[m[K [01;31m[Kerror: [m[Kâ€˜[01m[Kthisdeclare_parameter[m[Kâ€™ was not declared in this scope; did you mean â€˜[01m[Kdeclare_parameter[m[Kâ€™?
[2.612s]    13 |   [01;31m[Kthisdeclare_parameter[m[K("port", "/dev/ttyS0");
[2.612s]       |   [01;31m[K^~~~~~~~~~~~~~~~~~~~~[m[K
[2.612s]       |   [32m[Kdeclare_parameter[m[K
[2.621s] [01m[K/home/greg/ros2_ws/src/roswifibot/src/wifibot.cpp:30:8:[m[K [01;31m[Kerror: [m[Kâ€˜[01m[Kthisget_parameter[m[Kâ€™ was not declared in this scope; did you mean â€˜[01m[Kset_parameter[m[Kâ€™?
[2.621s]    30 |   if (![01;31m[Kthisget_parameter[m[K("port", dev))
[2.621s]       |        [01;31m[K^~~~~~~~~~~~~~~~~[m[K
[2.621s]       |        [32m[Kset_parameter[m[K
[2.629s] [01m[K/home/greg/ros2_ws/src/roswifibot/src/wifibot.cpp:38:8:[m[K [01;31m[Kerror: [m[Kâ€˜[01m[Kthisget_parameter[m[Kâ€™ was not declared in this scope; did you mean â€˜[01m[Kset_parameter[m[Kâ€™?
[2.629s]    38 |   if (![01;31m[Kthisget_parameter[m[K("base_frame", frameBase))
[2.629s]       |        [01;31m[K^~~~~~~~~~~~~~~~~[m[K
[2.629s]       |        [32m[Kset_parameter[m[K
[2.636s] [01m[K/home/greg/ros2_ws/src/roswifibot/src/wifibot.cpp:43:3:[m[K [01;31m[Kerror: [m[Kâ€˜[01m[Kthisset_parameter[m[Kâ€™ was not declared in this scope; did you mean â€˜[01m[Kset_parameter[m[Kâ€™?
[2.636s]    43 |   [01;31m[Kthisset_parameter[m[K(rclcpp::Parameter("odom_frame", _frameOdom));
[2.636s]       |   [01;31m[K^~~~~~~~~~~~~~~~~[m[K
[2.636s]       |   [32m[Kset_parameter[m[K
[2.643s] [01m[K/home/greg/ros2_ws/src/roswifibot/src/wifibot.cpp:48:8:[m[K [01;31m[Kerror: [m[Kâ€˜[01m[Kthisget_parameter[m[Kâ€™ was not declared in this scope; did you mean â€˜[01m[Kset_parameter[m[Kâ€™?
[2.643s]    48 |   if (![01;31m[Kthisget_parameter[m[K("entrax", entrax))
[2.643s]       |        [01;31m[K^~~~~~~~~~~~~~~~~[m[K
[2.643s]       |        [32m[Kset_parameter[m[K
[2.651s] [01m[K/home/greg/ros2_ws/src/roswifibot/src/wifibot.cpp:[m[K In function â€˜[01m[Kint main(int, char**)[m[Kâ€™:
[2.651s] [01m[K/home/greg/ros2_ws/src/roswifibot/src/wifibot.cpp:253:49:[m[K [01;31m[Kerror: [m[Kno matching function for call to â€˜[01m[Krclcpp::Node::make_shared<Wifibot>()[m[Kâ€™
[2.651s]   253 |   auto node = [01;31m[Krclcpp::Node::make_shared<Wifibot>()[m[K;
[2.651s]       |               [01;31m[K~~~~~~~~~~~~~~~~~~~~~~~~~~~~~~~~~~^~[m[K
[2.651s] In file included from [01m[K/opt/ros/humble/include/rclcpp/rclcpp/context.hpp:34[m[K,
[2.651s]                  from [01m[K/opt/ros/humble/include/rclcpp/rclcpp/executor.hpp:34[m[K,
[2.651s]                  from [01m[K/opt/ros/humble/include/rclcpp/rclcpp/executors/multi_threaded_executor.hpp:25[m[K,
[2.651s]                  from [01m[K/opt/ros/humble/include/rclcpp/rclcpp/executors.hpp:21[m[K,
[2.651s]                  from [01m[K/opt/ros/humble/include/rclcpp/rclcpp/rclcpp.hpp:155[m[K,
[2.651s]                  from [01m[K/home/greg/ros2_ws/src/roswifibot/src/wifibot.h:4[m[K,
[2.651s]                  from [01m[K/home/greg/ros2_ws/src/roswifibot/src/wifibot.cpp:2[m[K:
[2.651s] [01m[K/opt/ros/humble/include/rclcpp/rclcpp/node.hpp:80:3:[m[K [01;36m[Knote: [m[Kcandidate: â€˜[01m[Kstatic std::shared_ptr<rclcpp::Node> rclcpp::Node::make_shared(Args&& ...) [with Args = {Wifibot}][m[Kâ€™
[2.651s]    80 |   [01;36m[KRCLCPP_SMART_PTR_DEFINITIONS[m[K(Node)
[2.652s]       |   [01;36m[K^~~~~~~~~~~~~~~~~~~~~~~~~~~~[m[K
[2.652s] [01m[K/opt/ros/humble/include/rclcpp/rclcpp/node.hpp:80:3:[m[K [01;36m[Knote: [m[K  candidate expects 1 argument, 0 provided
[3.707s] gmake[2]: *** [CMakeFiles/roswifibot_node.dir/build.make:76: CMakeFiles/roswifibot_node.dir/src/wifibot.cpp.o] Error 1
[3.708s] gmake[1]: *** [CMakeFiles/Makefile2:137: CMakeFiles/roswifibot_node.dir/all] Error 2
[3.708s] gmake: *** [Makefile:146: all] Error 2
[3.712s] Invoked command in '/home/greg/ros2_ws/build/roswifibot' returned '2': CMAKE_PREFIX_PATH=/home/greg/ros2_ws/install/wifibot_msgs:/home/greg/ros2_ws/install/roswifibot:/home/greg/ros2_ws/install/lib_wifibot:/home/greg/ros2_ws/install/joy2twist:/opt/ros/humble /usr/bin/cmake --build /home/greg/ros2_ws/build/roswifibot -- -j16 -l16
