[35m[1mConsolidate compiler generated dependencies of target roswifibot_node[0m
[ 50%] [32mBuilding CXX object CMakeFiles/roswifibot_node.dir/src/wifibot.cpp.o[0m
In file included from [01m[K/home/greg/ros2_ws/src/roswifibot/src/wifibot.cpp:2[m[K:
[01m[K/home/greg/ros2_ws/src/roswifibot/src/wifibot.h:47:4:[m[K [01;31m[Kerror: [m[Kinvalid preprocessing directive #rclcpp
   47 |   #[01;31m[Krclcpp[m[K::Node _nh, _nh_private;
      |    [01;31m[K^~~~~~[m[K
[01m[K/home/greg/ros2_ws/src/roswifibot/src/wifibot.cpp:[m[K In constructor â€˜[01m[KWifibot::Wifibot()[m[Kâ€™:
[01m[K/home/greg/ros2_ws/src/roswifibot/src/wifibot.cpp:13:3:[m[K [01;31m[Kerror: [m[Kâ€˜[01m[K_nh_private[m[Kâ€™ was not declared in this scope
   13 |   [01;31m[K_nh_private[m[K.declare_parameter("port", "/dev/ttyS0");
      |   [01;31m[K^~~~~~~~~~~[m[K
[01m[K/home/greg/ros2_ws/src/roswifibot/src/wifibot.cpp:84:23:[m[K [01;31m[Kerror: [m[Kâ€˜[01m[K_nh[m[Kâ€™ was not declared in this scope
   84 |   auto _pubOdometry = [01;31m[K_nh[m[K.create_publisher<nav_msgs::msg::Odometry>("odom", 1);
      |                       [01;31m[K^~~[m[K
[01m[K/home/greg/ros2_ws/src/roswifibot/src/wifibot.cpp:84:67:[m[K [01;31m[Kerror: [m[Kexpected primary-expression before â€˜[01m[K>[m[Kâ€™ token
   84 |   auto _pubOdometry = _nh.create_publisher<nav_msgs::msg::Odometry[01;31m[K>[m[K("odom", 1);
      |                                                                   [01;31m[K^[m[K
[01m[K/home/greg/ros2_ws/src/roswifibot/src/wifibot.cpp:85:67:[m[K [01;31m[Kerror: [m[Kexpected primary-expression before â€˜[01m[K>[m[Kâ€™ token
   85 |   auto _pubStatus = _nh.create_publisher<wifibot_msgs::msg::Status[01;31m[K>[m[K("status", 1);
      |                                                                   [01;31m[K^[m[K
[01m[K/home/greg/ros2_ws/src/roswifibot/src/wifibot.cpp:86:77:[m[K [01;31m[Kerror: [m[Kexpected primary-expression before â€˜[01m[K>[m[Kâ€™ token
   86 |   auto _pubRobotBatteryVoltage = _nh.create_publisher<std_msgs::msg::Float32[01;31m[K>[m[K("robot_battery_voltage", 1);
      |                                                                             [01;31m[K^[m[K
[01m[K/home/greg/ros2_ws/src/roswifibot/src/wifibot.cpp:87:80:[m[K [01;31m[Kerror: [m[Kexpected primary-expression before â€˜[01m[K>[m[Kâ€™ token
   87 |   auto _pubComputerBatteryVoltage = _nh.create_publisher<std_msgs::msg::Float32[01;31m[K>[m[K("computer_battery_voltage", 1);
      |                                                                                [01;31m[K^[m[K
[01m[K/home/greg/ros2_ws/src/roswifibot/src/wifibot.cpp:88:65:[m[K [01;31m[Kerror: [m[Kexpected primary-expression before â€˜[01m[K>[m[Kâ€™ token
   88 |   auto _pubIsCharging = _nh.create_publisher<std_msgs::msg::Bool[01;31m[K>[m[K("is_charging", 1);
      |                                                                 [01;31m[K^[m[K
[01m[K/home/greg/ros2_ws/src/roswifibot/src/wifibot.cpp:[m[K In member function â€˜[01m[Kvoid Wifibot::update()[m[Kâ€™:
[01m[K/home/greg/ros2_ws/src/roswifibot/src/wifibot.cpp:224:5:[m[K [01;31m[Kerror: [m[Kâ€˜[01m[K_nh[m[Kâ€™ was not declared in this scope
  224 |     [01;31m[K_nh[m[K.set_parameter(rclcpp::Parameter("robot_battery_min_voltage", st.voltage));
      |     [01;31m[K^~~[m[K
[01m[K/home/greg/ros2_ws/src/roswifibot/src/wifibot.cpp:[m[K In function â€˜[01m[Kint main(int, char**)[m[Kâ€™:
[01m[K/home/greg/ros2_ws/src/roswifibot/src/wifibot.cpp:253:49:[m[K [01;31m[Kerror: [m[Kno matching function for call to â€˜[01m[Krclcpp::Node::make_shared<Wifibot>()[m[Kâ€™
  253 |   auto node = [01;31m[Krclcpp::Node::make_shared<Wifibot>()[m[K;
      |               [01;31m[K~~~~~~~~~~~~~~~~~~~~~~~~~~~~~~~~~~^~[m[K
In file included from [01m[K/opt/ros/humble/include/rclcpp/rclcpp/context.hpp:34[m[K,
                 from [01m[K/opt/ros/humble/include/rclcpp/rclcpp/executor.hpp:34[m[K,
                 from [01m[K/opt/ros/humble/include/rclcpp/rclcpp/executors/multi_threaded_executor.hpp:25[m[K,
                 from [01m[K/opt/ros/humble/include/rclcpp/rclcpp/executors.hpp:21[m[K,
                 from [01m[K/opt/ros/humble/include/rclcpp/rclcpp/rclcpp.hpp:155[m[K,
                 from [01m[K/home/greg/ros2_ws/src/roswifibot/src/wifibot.h:4[m[K,
                 from [01m[K/home/greg/ros2_ws/src/roswifibot/src/wifibot.cpp:2[m[K:
[01m[K/opt/ros/humble/include/rclcpp/rclcpp/node.hpp:80:3:[m[K [01;36m[Knote: [m[Kcandidate: â€˜[01m[Kstatic std::shared_ptr<rclcpp::Node> rclcpp::Node::make_shared(Args&& ...) [with Args = {Wifibot}][m[Kâ€™
   80 |   [01;36m[KRCLCPP_SMART_PTR_DEFINITIONS[m[K(Node)
      |   [01;36m[K^~~~~~~~~~~~~~~~~~~~~~~~~~~~[m[K
[01m[K/opt/ros/humble/include/rclcpp/rclcpp/node.hpp:80:3:[m[K [01;36m[Knote: [m[K  candidate expects 1 argument, 0 provided
gmake[2]: *** [CMakeFiles/roswifibot_node.dir/build.make:76: CMakeFiles/roswifibot_node.dir/src/wifibot.cpp.o] Error 1
gmake[1]: *** [CMakeFiles/Makefile2:137: CMakeFiles/roswifibot_node.dir/all] Error 2
gmake: *** [Makefile:146: all] Error 2
