[0.057s] Invoking command in '/home/greg/ros2_ws/build/roswifibot': CMAKE_PREFIX_PATH=/home/greg/ros2_ws/install/wifibot_msgs:/home/greg/ros2_ws/install/roswifibot:/home/greg/ros2_ws/install/lib_wifibot:/home/greg/ros2_ws/install/joy2twist:/opt/ros/humble /usr/bin/cmake --build /home/greg/ros2_ws/build/roswifibot -- -j16 -l16
[0.118s] [ 50%] [32mBuilding CXX object CMakeFiles/roswifibot_node.dir/src/wifibot.cpp.o[0m
[2.631s] In file included from [01m[K/opt/ros/humble/include/rclcpp/rclcpp/logging.hpp:24[m[K,
[2.631s]                  from [01m[K/opt/ros/humble/include/rclcpp/rclcpp/client.hpp:40[m[K,
[2.631s]                  from [01m[K/opt/ros/humble/include/rclcpp/rclcpp/callback_group.hpp:24[m[K,
[2.631s]                  from [01m[K/opt/ros/humble/include/rclcpp/rclcpp/any_executable.hpp:20[m[K,
[2.631s]                  from [01m[K/opt/ros/humble/include/rclcpp/rclcpp/memory_strategy.hpp:25[m[K,
[2.631s]                  from [01m[K/opt/ros/humble/include/rclcpp/rclcpp/memory_strategies.hpp:18[m[K,
[2.631s]                  from [01m[K/opt/ros/humble/include/rclcpp/rclcpp/executor_options.hpp:20[m[K,
[2.631s]                  from [01m[K/opt/ros/humble/include/rclcpp/rclcpp/executor.hpp:37[m[K,
[2.631s]                  from [01m[K/opt/ros/humble/include/rclcpp/rclcpp/executors/multi_threaded_executor.hpp:25[m[K,
[2.631s]                  from [01m[K/opt/ros/humble/include/rclcpp/rclcpp/executors.hpp:21[m[K,
[2.631s]                  from [01m[K/opt/ros/humble/include/rclcpp/rclcpp/rclcpp.hpp:155[m[K,
[2.631s]                  from [01m[K/home/greg/ros2_ws/src/roswifibot/src/wifibot.h:4[m[K,
[2.632s]                  from [01m[K/home/greg/ros2_ws/src/roswifibot/src/wifibot.cpp:2[m[K:
[2.632s] [01m[K/home/greg/ros2_ws/src/roswifibot/src/wifibot.cpp:[m[K In constructor â€˜[01m[KWifibot::Wifibot()[m[Kâ€™:
[2.632s] [01m[K/home/greg/ros2_ws/src/roswifibot/src/wifibot.cpp:40:45:[m[K [01;31m[Kerror: [m[Kâ€˜[01m[Kboucle[m[Kâ€™ was not declared in this scope; did you mean â€˜[01m[Kdouble[m[Kâ€™?
[2.632s]    40 |    RCLCPP_INFO(rclcpp::get_logger("rclcpp"),[01;31m[Kboucle[m[K non verifiÃ©e);
[2.632s]       |                                             [01;31m[K^~~~~~[m[K
[3.769s] gmake[2]: *** [CMakeFiles/roswifibot_node.dir/build.make:76: CMakeFiles/roswifibot_node.dir/src/wifibot.cpp.o] Error 1
[3.770s] gmake[1]: *** [CMakeFiles/Makefile2:137: CMakeFiles/roswifibot_node.dir/all] Error 2
[3.770s] gmake: *** [Makefile:146: all] Error 2
[3.773s] Invoked command in '/home/greg/ros2_ws/build/roswifibot' returned '2': CMAKE_PREFIX_PATH=/home/greg/ros2_ws/install/wifibot_msgs:/home/greg/ros2_ws/install/roswifibot:/home/greg/ros2_ws/install/lib_wifibot:/home/greg/ros2_ws/install/joy2twist:/opt/ros/humble /usr/bin/cmake --build /home/greg/ros2_ws/build/roswifibot -- -j16 -l16
