[0.055s] Invoking command in '/home/greg/ros2_ws/build/roswifibot': CMAKE_PREFIX_PATH=/home/greg/ros2_ws/install/wifibot_msgs:/home/greg/ros2_ws/install/roswifibot:/home/greg/ros2_ws/install/lib_wifibot:/home/greg/ros2_ws/install/joy2twist:/opt/ros/humble /usr/bin/cmake --build /home/greg/ros2_ws/build/roswifibot -- -j16 -l16
[0.105s] [35m[1mConsolidate compiler generated dependencies of target roswifibot_node[0m
[0.126s] [ 50%] [32mBuilding CXX object CMakeFiles/roswifibot_node.dir/src/wifibot.cpp.o[0m
[2.529s] [01m[K/home/greg/ros2_ws/src/roswifibot/src/wifibot.cpp:[m[K In constructor â€˜[01m[KWifibot::Wifibot()[m[Kâ€™:
[2.530s] [01m[K/home/greg/ros2_ws/src/roswifibot/src/wifibot.cpp:56:3:[m[K [01;31m[Kerror: [m[Kâ€˜[01m[Kelse[m[Kâ€™ without a previous â€˜[01m[Kif[m[Kâ€™
[2.530s]    56 |   [01;31m[Kelse[m[K
[2.530s]       |   [01;31m[K^~~~[m[K
[3.582s] gmake[2]: *** [CMakeFiles/roswifibot_node.dir/build.make:76: CMakeFiles/roswifibot_node.dir/src/wifibot.cpp.o] Error 1
[3.582s] gmake[1]: *** [CMakeFiles/Makefile2:137: CMakeFiles/roswifibot_node.dir/all] Error 2
[3.583s] gmake: *** [Makefile:146: all] Error 2
[3.585s] Invoked command in '/home/greg/ros2_ws/build/roswifibot' returned '2': CMAKE_PREFIX_PATH=/home/greg/ros2_ws/install/wifibot_msgs:/home/greg/ros2_ws/install/roswifibot:/home/greg/ros2_ws/install/lib_wifibot:/home/greg/ros2_ws/install/joy2twist:/opt/ros/humble /usr/bin/cmake --build /home/greg/ros2_ws/build/roswifibot -- -j16 -l16
